-0.06410        0.00488       -0.01078        0.00069       59.65000
-0.05367        0.00301        0.00422        0.00081       57.64000
-0.03938        0.00254        0.00086        0.00093       65.91000
-0.06551        0.00462        0.03131        0.00345       69.32000
-0.04297        0.00211       -0.01484        0.00158       75.12000
-0.02500        0.00134       -0.07406        0.00573       50.36000
-0.01219        0.00102       -0.01393        0.00420       60.04000
-0.08699        0.00809        0.05516        0.00445       80.44000
-0.08227        0.00702        0.00818        0.00059       64.53000
-0.07141        0.00563       -0.02611        0.00115       57.83000
-0.00297        0.00054       -0.00490        0.00044       43.27000
-0.01746        0.00115       -0.03518        0.00211       80.32000
-0.02781        0.00102        0.04258        0.00261       41.97000
-0.05887        0.00441        0.04766        0.00349       52.89000
-0.07879        0.00650        0.07232        0.00563       66.15000
-0.06531        0.00439        0.02619        0.00152       53.44000
-0.04367        0.00284        0.01367        0.00058       82.68000
-0.09625        0.00965       -0.06479        0.00491       67.98000
-0.08309        0.00734       -0.00514        0.00094       80.08000
-0.11391        0.01323       -0.02131        0.00084       60.71000
-0.08102        0.00758       -0.00500        0.00086       71.39000
-0.13855        0.02057       -0.04158        0.00254       55.71000
-0.08102        0.00925       -0.00988        0.00058       55.05000
-0.12152        0.01523        0.08273        0.00765       66.32000
-0.13969        0.01983        0.01613        0.00232       62.84000
-0.07727        0.00635       -0.00832        0.00102       84.25000
-0.02508        0.00115        0.01523        0.00067       66.41000
-0.03344        0.00151       -0.01541        0.00065       55.58000
-0.00629        0.00101        0.01715        0.00124       76.26000
-0.03461        0.00164        0.00889        0.00064       41.59000
-0.03594        0.00152       -0.00086        0.00134       93.56000
-0.07473        0.00597       -0.00057        0.00047       54.40000
-0.05332        0.00331       -0.00660        0.00094       63.32000
-0.04418        0.00278       -0.01742        0.00066       65.56000
-0.00703        0.00022        0.02898        0.00433      104.36000
-0.05961        0.00401        0.01818        0.00118       68.66000
-0.03055        0.00157       -0.01406        0.00164       73.55000
-0.04023        0.00344       -0.03900        0.00200       72.52000
0.07828        0.00649       -0.02424        0.00086       51.67000
0.06930        0.00591       -0.01494        0.00078       44.17000
-0.00477        0.00046       -0.01820        0.00081       58.30000
-0.00227        0.00099       -0.00400        0.00311      127.94000
0.07441        0.00688        0.01838        0.00156       76.90000
-0.02016        0.00131       -0.06623        0.00585       72.80000
-0.05016        0.00346       -0.08863        0.00866       65.45000
0.00082        0.00039       -0.00715        0.00064       57.95000
0.01012        0.00070       -0.02689        0.00108       46.09000
-0.03801        0.00254       -0.01504        0.00088       55.91000
-0.12551        0.01742        0.03133        0.00236      129.17000
-0.07828        0.00728       -0.01168        0.00047       60.47000
-0.05566        0.00451       -0.06389        0.00470       91.52000
-0.01434        0.00104       -0.03756        0.00233       79.51000
-0.05289        0.00370       -0.05635        0.00341       58.79000
-0.00176        0.00173       -0.00857        0.00236       73.31000
0.02391        0.00114        0.01908        0.00074       41.04000
0.06605        0.00487        0.01367        0.00086       58.88000
-0.01355        0.00247        0.01086        0.00131       66.96000
-0.07879        0.00719       -0.01063        0.00151       72.39000
-0.02895        0.00131       -0.05625        0.00394       79.03000
-0.01875        0.00046        0.01516        0.00401       54.81000
-0.01824        0.00124        0.02119        0.00222       86.39000
0.02750        0.00206        0.03719        0.00270       47.93000
0.04508        0.00262       -0.03967        0.00194       34.99000
0.07012        0.00517       -0.00045        0.00077       66.44000
0.00891        0.00073        0.05207        0.00437       41.12000
-0.01805        0.00084        0.00795        0.00059       71.22000
-0.07527        0.00650        0.01818        0.00128       72.04000
-0.06414        0.00454       -0.01512        0.00059       58.25000
-0.03523        0.00176        0.01328        0.00129       92.11000
-0.07367        0.00658        0.02740        0.00107       56.05000
-0.07441        0.00598       -0.03562        0.00253       47.25000
-0.01559        0.00073       -0.04742        0.00340       63.56000
-0.06660        0.00491       -0.01744        0.00177       44.32000
-0.07184        0.00538        0.01359        0.00056       49.34000
-0.07301        0.00565       -0.01631        0.00170       64.01000
-0.04551        0.00305        0.08305        0.00881       67.17000
-0.06914        0.00701       -0.00895        0.00082       53.71000
-0.03125        0.00223        0.02391        0.00271       62.21000
-0.02066        0.00067       -0.02760        0.00159       67.32000
-0.02277        0.00113       -0.05518        0.00345       62.31000
-0.00996        0.00046        0.02566        0.00313       79.90000
-0.06914        0.00508       -0.00270        0.00226       77.11000
-0.05098        0.00337       -0.00789        0.00098       89.12000
-0.01945        0.00060       -0.00686        0.00108       49.19000
-0.03656        0.00181       -0.01867        0.00164       73.47000
-0.06129        0.00417       -0.03703        0.00248       67.28000
-0.08348        0.00790        0.03062        0.00169       75.69000
-0.01633        0.00117       -0.04330        0.00222       63.79000
-0.01086        0.00053       -0.02424        0.00246       70.29000
0.03738        0.00171       -0.02260        0.00132       47.97000
-0.00770        0.00036        0.02203        0.00101       63.48000
-0.01320        0.00033        0.02877        0.00143       51.31000
-0.02605        0.00103        0.01861        0.00100       55.56000
-0.01375        0.00091       -0.02156        0.00102       85.24000
-0.00734        0.00058        0.04590        0.00234       52.51000
-0.01809        0.00242        0.10646        0.01306       52.18000
0.01273        0.00220        0.03250        0.00191       73.02000
0.02172        0.00109       -0.02664        0.00112       71.30000
-0.00441        0.00045        0.04914        0.00273       42.86000
-0.03496        0.00196        0.03604        0.00303       63.48000
